2017-07-26 15:31:39 - PHP Notice:  Undefined variable: header in C:\xampp\htdocs\e-commerce\puhua\catalog\view\theme\default\template\common\search.tpl on line 1
2017-07-26 15:31:39 - PHP Notice:  Undefined variable: footer in C:\xampp\htdocs\e-commerce\puhua\catalog\view\theme\default\template\common\search.tpl on line 12
2017-07-26 16:37:10 - PHP Notice:  Undefined variable: text_news in C:\xampp\htdocs\e-commerce\puhua\vqmod\vqcache\vq2-catalog_view_theme_default_template_common_footer.tpl on line 9
2017-07-26 17:06:41 - PHP Notice:  Error: Could not load template C:\xampp\htdocs\e-commerce\puhua/catalog/view/theme/default/template/banner/contact.tpl! in C:\xampp\htdocs\e-commerce\puhua\vqmod\vqcache\vq2-system_engine_loader.php on line 45
2017-07-26 17:46:49 - PHP Notice:  Undefined variable: text_contact_details in C:\xampp\htdocs\e-commerce\puhua\catalog\view\theme\default\template\information\contact.tpl on line 21
2017-07-27 13:49:08 - PHP Notice:  Undefined variable: banner in C:\xampp\htdocs\e-commerce\puhua\catalog\view\theme\default\template\information\career.tpl on line 2
2017-07-27 13:49:08 - PHP Notice:  Undefined variable: contact_url in C:\xampp\htdocs\e-commerce\puhua\catalog\view\theme\default\template\information\career.tpl on line 21
2017-07-27 13:49:08 - PHP Notice:  Undefined variable: text_contact_details in C:\xampp\htdocs\e-commerce\puhua\catalog\view\theme\default\template\information\career.tpl on line 21
2017-07-27 13:49:08 - PHP Notice:  Undefined variable: text_career in C:\xampp\htdocs\e-commerce\puhua\catalog\view\theme\default\template\information\career.tpl on line 21
2017-07-27 13:49:08 - PHP Notice:  Undefined variable: geocode in C:\xampp\htdocs\e-commerce\puhua\catalog\view\theme\default\template\information\career.tpl on line 24
2017-07-27 13:49:08 - PHP Notice:  Undefined variable: text_office_address in C:\xampp\htdocs\e-commerce\puhua\catalog\view\theme\default\template\information\career.tpl on line 38
2017-07-27 13:49:08 - PHP Notice:  Undefined variable: address in C:\xampp\htdocs\e-commerce\puhua\catalog\view\theme\default\template\information\career.tpl on line 46
2017-07-27 13:49:08 - PHP Notice:  Undefined variable: telephone in C:\xampp\htdocs\e-commerce\puhua\catalog\view\theme\default\template\information\career.tpl on line 47
2017-07-27 13:49:08 - PHP Notice:  Undefined variable: text_email in C:\xampp\htdocs\e-commerce\puhua\catalog\view\theme\default\template\information\career.tpl on line 48
2017-07-27 13:49:08 - PHP Notice:  Undefined variable: config_email in C:\xampp\htdocs\e-commerce\puhua\catalog\view\theme\default\template\information\career.tpl on line 48
2017-07-27 13:49:08 - PHP Notice:  Undefined variable: text_factory_address in C:\xampp\htdocs\e-commerce\puhua\catalog\view\theme\default\template\information\career.tpl on line 59
2017-07-27 13:49:08 - PHP Notice:  Undefined variable: address in C:\xampp\htdocs\e-commerce\puhua\catalog\view\theme\default\template\information\career.tpl on line 67
2017-07-27 13:49:08 - PHP Notice:  Undefined variable: telephone in C:\xampp\htdocs\e-commerce\puhua\catalog\view\theme\default\template\information\career.tpl on line 68
2017-07-27 13:49:08 - PHP Notice:  Undefined variable: text_email in C:\xampp\htdocs\e-commerce\puhua\catalog\view\theme\default\template\information\career.tpl on line 69
2017-07-27 13:49:08 - PHP Notice:  Undefined variable: config_email in C:\xampp\htdocs\e-commerce\puhua\catalog\view\theme\default\template\information\career.tpl on line 69
2017-07-27 13:49:08 - PHP Notice:  Undefined variable: text_malaysia_branch in C:\xampp\htdocs\e-commerce\puhua\catalog\view\theme\default\template\information\career.tpl on line 80
2017-07-27 13:49:08 - PHP Notice:  Undefined variable: address in C:\xampp\htdocs\e-commerce\puhua\catalog\view\theme\default\template\information\career.tpl on line 88
2017-07-27 13:49:08 - PHP Notice:  Undefined variable: telephone in C:\xampp\htdocs\e-commerce\puhua\catalog\view\theme\default\template\information\career.tpl on line 89
2017-07-27 13:49:08 - PHP Notice:  Undefined variable: text_email in C:\xampp\htdocs\e-commerce\puhua\catalog\view\theme\default\template\information\career.tpl on line 90
2017-07-27 13:49:08 - PHP Notice:  Undefined variable: config_email in C:\xampp\htdocs\e-commerce\puhua\catalog\view\theme\default\template\information\career.tpl on line 90
2017-07-27 13:49:08 - PHP Notice:  Undefined variable: text_china_branch in C:\xampp\htdocs\e-commerce\puhua\catalog\view\theme\default\template\information\career.tpl on line 101
2017-07-27 13:49:08 - PHP Notice:  Undefined variable: address in C:\xampp\htdocs\e-commerce\puhua\catalog\view\theme\default\template\information\career.tpl on line 109
2017-07-27 13:49:08 - PHP Notice:  Undefined variable: telephone in C:\xampp\htdocs\e-commerce\puhua\catalog\view\theme\default\template\information\career.tpl on line 110
2017-07-27 13:49:08 - PHP Notice:  Undefined variable: text_email in C:\xampp\htdocs\e-commerce\puhua\catalog\view\theme\default\template\information\career.tpl on line 111
2017-07-27 13:49:08 - PHP Notice:  Undefined variable: config_email in C:\xampp\htdocs\e-commerce\puhua\catalog\view\theme\default\template\information\career.tpl on line 111
2017-07-27 13:49:08 - PHP Notice:  Undefined variable: action in C:\xampp\htdocs\e-commerce\puhua\catalog\view\theme\default\template\information\career.tpl on line 119
2017-07-27 13:49:08 - PHP Notice:  Undefined variable: text_contact in C:\xampp\htdocs\e-commerce\puhua\catalog\view\theme\default\template\information\career.tpl on line 121
2017-07-27 13:49:08 - PHP Notice:  Undefined variable: entry_name in C:\xampp\htdocs\e-commerce\puhua\catalog\view\theme\default\template\information\career.tpl on line 123
2017-07-27 13:49:08 - PHP Notice:  Undefined variable: name in C:\xampp\htdocs\e-commerce\puhua\catalog\view\theme\default\template\information\career.tpl on line 125
2017-07-27 13:49:08 - PHP Notice:  Undefined variable: error_name in C:\xampp\htdocs\e-commerce\puhua\catalog\view\theme\default\template\information\career.tpl on line 126
2017-07-27 13:49:08 - PHP Notice:  Undefined variable: entry_email in C:\xampp\htdocs\e-commerce\puhua\catalog\view\theme\default\template\information\career.tpl on line 132
2017-07-27 13:49:08 - PHP Notice:  Undefined variable: email in C:\xampp\htdocs\e-commerce\puhua\catalog\view\theme\default\template\information\career.tpl on line 134
2017-07-27 13:49:08 - PHP Notice:  Undefined variable: error_email in C:\xampp\htdocs\e-commerce\puhua\catalog\view\theme\default\template\information\career.tpl on line 135
2017-07-27 13:49:08 - PHP Notice:  Undefined variable: entry_contact in C:\xampp\htdocs\e-commerce\puhua\catalog\view\theme\default\template\information\career.tpl on line 141
2017-07-27 13:49:08 - PHP Notice:  Undefined variable: contact in C:\xampp\htdocs\e-commerce\puhua\catalog\view\theme\default\template\information\career.tpl on line 143
2017-07-27 13:49:08 - PHP Notice:  Undefined variable: error_contact in C:\xampp\htdocs\e-commerce\puhua\catalog\view\theme\default\template\information\career.tpl on line 144
2017-07-27 13:49:08 - PHP Notice:  Undefined variable: entry_enquiry in C:\xampp\htdocs\e-commerce\puhua\catalog\view\theme\default\template\information\career.tpl on line 150
2017-07-27 13:49:08 - PHP Notice:  Undefined variable: enquiry in C:\xampp\htdocs\e-commerce\puhua\catalog\view\theme\default\template\information\career.tpl on line 152
2017-07-27 13:49:08 - PHP Notice:  Undefined variable: error_enquiry in C:\xampp\htdocs\e-commerce\puhua\catalog\view\theme\default\template\information\career.tpl on line 153
2017-07-27 13:49:08 - PHP Notice:  Undefined variable: site_key in C:\xampp\htdocs\e-commerce\puhua\catalog\view\theme\default\template\information\career.tpl on line 158
2017-07-27 13:49:08 - PHP Notice:  Undefined variable: locations in C:\xampp\htdocs\e-commerce\puhua\catalog\view\theme\default\template\information\career.tpl on line 179
2017-07-27 13:55:05 - PHP Notice:  Undefined variable: banner in C:\xampp\htdocs\e-commerce\puhua\catalog\view\theme\default\template\information\career.tpl on line 2
2017-07-27 13:55:05 - PHP Notice:  Undefined variable: geocode in C:\xampp\htdocs\e-commerce\puhua\catalog\view\theme\default\template\information\career.tpl on line 24
2017-07-27 13:55:05 - PHP Notice:  Undefined variable: address in C:\xampp\htdocs\e-commerce\puhua\catalog\view\theme\default\template\information\career.tpl on line 46
2017-07-27 13:55:05 - PHP Notice:  Undefined variable: telephone in C:\xampp\htdocs\e-commerce\puhua\catalog\view\theme\default\template\information\career.tpl on line 47
2017-07-27 13:55:05 - PHP Notice:  Undefined variable: config_email in C:\xampp\htdocs\e-commerce\puhua\catalog\view\theme\default\template\information\career.tpl on line 48
2017-07-27 13:55:05 - PHP Notice:  Undefined variable: address in C:\xampp\htdocs\e-commerce\puhua\catalog\view\theme\default\template\information\career.tpl on line 67
2017-07-27 13:55:05 - PHP Notice:  Undefined variable: telephone in C:\xampp\htdocs\e-commerce\puhua\catalog\view\theme\default\template\information\career.tpl on line 68
2017-07-27 13:55:05 - PHP Notice:  Undefined variable: config_email in C:\xampp\htdocs\e-commerce\puhua\catalog\view\theme\default\template\information\career.tpl on line 69
2017-07-27 13:55:05 - PHP Notice:  Undefined variable: address in C:\xampp\htdocs\e-commerce\puhua\catalog\view\theme\default\template\information\career.tpl on line 88
2017-07-27 13:55:05 - PHP Notice:  Undefined variable: telephone in C:\xampp\htdocs\e-commerce\puhua\catalog\view\theme\default\template\information\career.tpl on line 89
2017-07-27 13:55:05 - PHP Notice:  Undefined variable: config_email in C:\xampp\htdocs\e-commerce\puhua\catalog\view\theme\default\template\information\career.tpl on line 90
2017-07-27 13:55:05 - PHP Notice:  Undefined variable: address in C:\xampp\htdocs\e-commerce\puhua\catalog\view\theme\default\template\information\career.tpl on line 109
2017-07-27 13:55:05 - PHP Notice:  Undefined variable: telephone in C:\xampp\htdocs\e-commerce\puhua\catalog\view\theme\default\template\information\career.tpl on line 110
2017-07-27 13:55:05 - PHP Notice:  Undefined variable: config_email in C:\xampp\htdocs\e-commerce\puhua\catalog\view\theme\default\template\information\career.tpl on line 111
2017-07-27 13:55:05 - PHP Notice:  Undefined variable: action in C:\xampp\htdocs\e-commerce\puhua\catalog\view\theme\default\template\information\career.tpl on line 119
2017-07-27 13:55:05 - PHP Notice:  Undefined variable: name in C:\xampp\htdocs\e-commerce\puhua\catalog\view\theme\default\template\information\career.tpl on line 125
2017-07-27 13:55:05 - PHP Notice:  Undefined variable: error_name in C:\xampp\htdocs\e-commerce\puhua\catalog\view\theme\default\template\information\career.tpl on line 126
2017-07-27 13:55:05 - PHP Notice:  Undefined variable: email in C:\xampp\htdocs\e-commerce\puhua\catalog\view\theme\default\template\information\career.tpl on line 134
2017-07-27 13:55:05 - PHP Notice:  Undefined variable: error_email in C:\xampp\htdocs\e-commerce\puhua\catalog\view\theme\default\template\information\career.tpl on line 135
2017-07-27 13:55:05 - PHP Notice:  Undefined variable: contact in C:\xampp\htdocs\e-commerce\puhua\catalog\view\theme\default\template\information\career.tpl on line 143
2017-07-27 13:55:05 - PHP Notice:  Undefined variable: error_contact in C:\xampp\htdocs\e-commerce\puhua\catalog\view\theme\default\template\information\career.tpl on line 144
2017-07-27 13:55:05 - PHP Notice:  Undefined variable: enquiry in C:\xampp\htdocs\e-commerce\puhua\catalog\view\theme\default\template\information\career.tpl on line 152
2017-07-27 13:55:05 - PHP Notice:  Undefined variable: error_enquiry in C:\xampp\htdocs\e-commerce\puhua\catalog\view\theme\default\template\information\career.tpl on line 153
2017-07-27 13:55:05 - PHP Notice:  Undefined variable: site_key in C:\xampp\htdocs\e-commerce\puhua\catalog\view\theme\default\template\information\career.tpl on line 158
2017-07-27 13:55:05 - PHP Notice:  Undefined variable: locations in C:\xampp\htdocs\e-commerce\puhua\catalog\view\theme\default\template\information\career.tpl on line 179
2017-07-27 13:55:43 - PHP Notice:  Undefined variable: geocode in C:\xampp\htdocs\e-commerce\puhua\catalog\view\theme\default\template\information\career.tpl on line 24
2017-07-27 13:55:43 - PHP Notice:  Undefined variable: address in C:\xampp\htdocs\e-commerce\puhua\catalog\view\theme\default\template\information\career.tpl on line 46
2017-07-27 13:55:43 - PHP Notice:  Undefined variable: telephone in C:\xampp\htdocs\e-commerce\puhua\catalog\view\theme\default\template\information\career.tpl on line 47
2017-07-27 13:55:43 - PHP Notice:  Undefined variable: config_email in C:\xampp\htdocs\e-commerce\puhua\catalog\view\theme\default\template\information\career.tpl on line 48
2017-07-27 13:55:43 - PHP Notice:  Undefined variable: address in C:\xampp\htdocs\e-commerce\puhua\catalog\view\theme\default\template\information\career.tpl on line 67
2017-07-27 13:55:43 - PHP Notice:  Undefined variable: telephone in C:\xampp\htdocs\e-commerce\puhua\catalog\view\theme\default\template\information\career.tpl on line 68
2017-07-27 13:55:43 - PHP Notice:  Undefined variable: config_email in C:\xampp\htdocs\e-commerce\puhua\catalog\view\theme\default\template\information\career.tpl on line 69
2017-07-27 13:55:43 - PHP Notice:  Undefined variable: address in C:\xampp\htdocs\e-commerce\puhua\catalog\view\theme\default\template\information\career.tpl on line 88
2017-07-27 13:55:43 - PHP Notice:  Undefined variable: telephone in C:\xampp\htdocs\e-commerce\puhua\catalog\view\theme\default\template\information\career.tpl on line 89
2017-07-27 13:55:43 - PHP Notice:  Undefined variable: config_email in C:\xampp\htdocs\e-commerce\puhua\catalog\view\theme\default\template\information\career.tpl on line 90
2017-07-27 13:55:43 - PHP Notice:  Undefined variable: address in C:\xampp\htdocs\e-commerce\puhua\catalog\view\theme\default\template\information\career.tpl on line 109
2017-07-27 13:55:43 - PHP Notice:  Undefined variable: telephone in C:\xampp\htdocs\e-commerce\puhua\catalog\view\theme\default\template\information\career.tpl on line 110
2017-07-27 13:55:43 - PHP Notice:  Undefined variable: config_email in C:\xampp\htdocs\e-commerce\puhua\catalog\view\theme\default\template\information\career.tpl on line 111
2017-07-27 13:55:43 - PHP Notice:  Undefined variable: action in C:\xampp\htdocs\e-commerce\puhua\catalog\view\theme\default\template\information\career.tpl on line 119
2017-07-27 13:55:43 - PHP Notice:  Undefined variable: name in C:\xampp\htdocs\e-commerce\puhua\catalog\view\theme\default\template\information\career.tpl on line 125
2017-07-27 13:55:43 - PHP Notice:  Undefined variable: error_name in C:\xampp\htdocs\e-commerce\puhua\catalog\view\theme\default\template\information\career.tpl on line 126
2017-07-27 13:55:43 - PHP Notice:  Undefined variable: email in C:\xampp\htdocs\e-commerce\puhua\catalog\view\theme\default\template\information\career.tpl on line 134
2017-07-27 13:55:43 - PHP Notice:  Undefined variable: error_email in C:\xampp\htdocs\e-commerce\puhua\catalog\view\theme\default\template\information\career.tpl on line 135
2017-07-27 13:55:43 - PHP Notice:  Undefined variable: contact in C:\xampp\htdocs\e-commerce\puhua\catalog\view\theme\default\template\information\career.tpl on line 143
2017-07-27 13:55:43 - PHP Notice:  Undefined variable: error_contact in C:\xampp\htdocs\e-commerce\puhua\catalog\view\theme\default\template\information\career.tpl on line 144
2017-07-27 13:55:43 - PHP Notice:  Undefined variable: enquiry in C:\xampp\htdocs\e-commerce\puhua\catalog\view\theme\default\template\information\career.tpl on line 152
2017-07-27 13:55:43 - PHP Notice:  Undefined variable: error_enquiry in C:\xampp\htdocs\e-commerce\puhua\catalog\view\theme\default\template\information\career.tpl on line 153
2017-07-27 13:55:43 - PHP Notice:  Undefined variable: site_key in C:\xampp\htdocs\e-commerce\puhua\catalog\view\theme\default\template\information\career.tpl on line 158
2017-07-27 13:55:43 - PHP Notice:  Undefined variable: locations in C:\xampp\htdocs\e-commerce\puhua\catalog\view\theme\default\template\information\career.tpl on line 179
2017-07-27 13:56:13 - PHP Notice:  Undefined variable: geocode in C:\xampp\htdocs\e-commerce\puhua\catalog\view\theme\default\template\information\career.tpl on line 24
2017-07-27 13:56:13 - PHP Notice:  Undefined variable: address in C:\xampp\htdocs\e-commerce\puhua\catalog\view\theme\default\template\information\career.tpl on line 46
2017-07-27 13:56:13 - PHP Notice:  Undefined variable: telephone in C:\xampp\htdocs\e-commerce\puhua\catalog\view\theme\default\template\information\career.tpl on line 47
2017-07-27 13:56:13 - PHP Notice:  Undefined variable: config_email in C:\xampp\htdocs\e-commerce\puhua\catalog\view\theme\default\template\information\career.tpl on line 48
2017-07-27 13:56:13 - PHP Notice:  Undefined variable: address in C:\xampp\htdocs\e-commerce\puhua\catalog\view\theme\default\template\information\career.tpl on line 67
2017-07-27 13:56:13 - PHP Notice:  Undefined variable: telephone in C:\xampp\htdocs\e-commerce\puhua\catalog\view\theme\default\template\information\career.tpl on line 68
2017-07-27 13:56:13 - PHP Notice:  Undefined variable: config_email in C:\xampp\htdocs\e-commerce\puhua\catalog\view\theme\default\template\information\career.tpl on line 69
2017-07-27 13:56:13 - PHP Notice:  Undefined variable: address in C:\xampp\htdocs\e-commerce\puhua\catalog\view\theme\default\template\information\career.tpl on line 88
2017-07-27 13:56:13 - PHP Notice:  Undefined variable: telephone in C:\xampp\htdocs\e-commerce\puhua\catalog\view\theme\default\template\information\career.tpl on line 89
2017-07-27 13:56:13 - PHP Notice:  Undefined variable: config_email in C:\xampp\htdocs\e-commerce\puhua\catalog\view\theme\default\template\information\career.tpl on line 90
2017-07-27 13:56:13 - PHP Notice:  Undefined variable: address in C:\xampp\htdocs\e-commerce\puhua\catalog\view\theme\default\template\information\career.tpl on line 109
2017-07-27 13:56:13 - PHP Notice:  Undefined variable: telephone in C:\xampp\htdocs\e-commerce\puhua\catalog\view\theme\default\template\information\career.tpl on line 110
2017-07-27 13:56:13 - PHP Notice:  Undefined variable: config_email in C:\xampp\htdocs\e-commerce\puhua\catalog\view\theme\default\template\information\career.tpl on line 111
2017-07-27 13:56:13 - PHP Notice:  Undefined variable: action in C:\xampp\htdocs\e-commerce\puhua\catalog\view\theme\default\template\information\career.tpl on line 119
2017-07-27 13:56:13 - PHP Notice:  Undefined variable: name in C:\xampp\htdocs\e-commerce\puhua\catalog\view\theme\default\template\information\career.tpl on line 125
2017-07-27 13:56:13 - PHP Notice:  Undefined variable: error_name in C:\xampp\htdocs\e-commerce\puhua\catalog\view\theme\default\template\information\career.tpl on line 126
2017-07-27 13:56:13 - PHP Notice:  Undefined variable: email in C:\xampp\htdocs\e-commerce\puhua\catalog\view\theme\default\template\information\career.tpl on line 134
2017-07-27 13:56:13 - PHP Notice:  Undefined variable: error_email in C:\xampp\htdocs\e-commerce\puhua\catalog\view\theme\default\template\information\career.tpl on line 135
2017-07-27 13:56:13 - PHP Notice:  Undefined variable: contact in C:\xampp\htdocs\e-commerce\puhua\catalog\view\theme\default\template\information\career.tpl on line 143
2017-07-27 13:56:13 - PHP Notice:  Undefined variable: error_contact in C:\xampp\htdocs\e-commerce\puhua\catalog\view\theme\default\template\information\career.tpl on line 144
2017-07-27 13:56:13 - PHP Notice:  Undefined variable: enquiry in C:\xampp\htdocs\e-commerce\puhua\catalog\view\theme\default\template\information\career.tpl on line 152
2017-07-27 13:56:13 - PHP Notice:  Undefined variable: error_enquiry in C:\xampp\htdocs\e-commerce\puhua\catalog\view\theme\default\template\information\career.tpl on line 153
2017-07-27 13:56:13 - PHP Notice:  Undefined variable: site_key in C:\xampp\htdocs\e-commerce\puhua\catalog\view\theme\default\template\information\career.tpl on line 158
2017-07-27 13:56:13 - PHP Notice:  Undefined variable: locations in C:\xampp\htdocs\e-commerce\puhua\catalog\view\theme\default\template\information\career.tpl on line 179
2017-07-27 13:56:24 - PHP Notice:  Undefined variable: address in C:\xampp\htdocs\e-commerce\puhua\catalog\view\theme\default\template\information\career.tpl on line 46
2017-07-27 13:56:24 - PHP Notice:  Undefined variable: telephone in C:\xampp\htdocs\e-commerce\puhua\catalog\view\theme\default\template\information\career.tpl on line 47
2017-07-27 13:56:24 - PHP Notice:  Undefined variable: config_email in C:\xampp\htdocs\e-commerce\puhua\catalog\view\theme\default\template\information\career.tpl on line 48
2017-07-27 13:56:24 - PHP Notice:  Undefined variable: address in C:\xampp\htdocs\e-commerce\puhua\catalog\view\theme\default\template\information\career.tpl on line 67
2017-07-27 13:56:24 - PHP Notice:  Undefined variable: telephone in C:\xampp\htdocs\e-commerce\puhua\catalog\view\theme\default\template\information\career.tpl on line 68
2017-07-27 13:56:24 - PHP Notice:  Undefined variable: config_email in C:\xampp\htdocs\e-commerce\puhua\catalog\view\theme\default\template\information\career.tpl on line 69
2017-07-27 13:56:24 - PHP Notice:  Undefined variable: address in C:\xampp\htdocs\e-commerce\puhua\catalog\view\theme\default\template\information\career.tpl on line 88
2017-07-27 13:56:24 - PHP Notice:  Undefined variable: telephone in C:\xampp\htdocs\e-commerce\puhua\catalog\view\theme\default\template\information\career.tpl on line 89
2017-07-27 13:56:24 - PHP Notice:  Undefined variable: config_email in C:\xampp\htdocs\e-commerce\puhua\catalog\view\theme\default\template\information\career.tpl on line 90
2017-07-27 13:56:24 - PHP Notice:  Undefined variable: address in C:\xampp\htdocs\e-commerce\puhua\catalog\view\theme\default\template\information\career.tpl on line 109
2017-07-27 13:56:24 - PHP Notice:  Undefined variable: telephone in C:\xampp\htdocs\e-commerce\puhua\catalog\view\theme\default\template\information\career.tpl on line 110
2017-07-27 13:56:24 - PHP Notice:  Undefined variable: config_email in C:\xampp\htdocs\e-commerce\puhua\catalog\view\theme\default\template\information\career.tpl on line 111
2017-07-27 13:56:24 - PHP Notice:  Undefined variable: action in C:\xampp\htdocs\e-commerce\puhua\catalog\view\theme\default\template\information\career.tpl on line 119
2017-07-27 13:56:24 - PHP Notice:  Undefined variable: name in C:\xampp\htdocs\e-commerce\puhua\catalog\view\theme\default\template\information\career.tpl on line 125
2017-07-27 13:56:24 - PHP Notice:  Undefined variable: error_name in C:\xampp\htdocs\e-commerce\puhua\catalog\view\theme\default\template\information\career.tpl on line 126
2017-07-27 13:56:24 - PHP Notice:  Undefined variable: email in C:\xampp\htdocs\e-commerce\puhua\catalog\view\theme\default\template\information\career.tpl on line 134
2017-07-27 13:56:24 - PHP Notice:  Undefined variable: error_email in C:\xampp\htdocs\e-commerce\puhua\catalog\view\theme\default\template\information\career.tpl on line 135
2017-07-27 13:56:24 - PHP Notice:  Undefined variable: contact in C:\xampp\htdocs\e-commerce\puhua\catalog\view\theme\default\template\information\career.tpl on line 143
2017-07-27 13:56:24 - PHP Notice:  Undefined variable: error_contact in C:\xampp\htdocs\e-commerce\puhua\catalog\view\theme\default\template\information\career.tpl on line 144
2017-07-27 13:56:24 - PHP Notice:  Undefined variable: enquiry in C:\xampp\htdocs\e-commerce\puhua\catalog\view\theme\default\template\information\career.tpl on line 152
2017-07-27 13:56:24 - PHP Notice:  Undefined variable: error_enquiry in C:\xampp\htdocs\e-commerce\puhua\catalog\view\theme\default\template\information\career.tpl on line 153
2017-07-27 13:56:24 - PHP Notice:  Undefined variable: site_key in C:\xampp\htdocs\e-commerce\puhua\catalog\view\theme\default\template\information\career.tpl on line 158
2017-07-27 13:56:24 - PHP Notice:  Undefined variable: locations in C:\xampp\htdocs\e-commerce\puhua\catalog\view\theme\default\template\information\career.tpl on line 179
2017-07-27 13:56:53 - PHP Notice:  Undefined variable: action in C:\xampp\htdocs\e-commerce\puhua\catalog\view\theme\default\template\information\career.tpl on line 119
2017-07-27 13:56:53 - PHP Notice:  Undefined variable: name in C:\xampp\htdocs\e-commerce\puhua\catalog\view\theme\default\template\information\career.tpl on line 125
2017-07-27 13:56:53 - PHP Notice:  Undefined variable: error_name in C:\xampp\htdocs\e-commerce\puhua\catalog\view\theme\default\template\information\career.tpl on line 126
2017-07-27 13:56:53 - PHP Notice:  Undefined variable: email in C:\xampp\htdocs\e-commerce\puhua\catalog\view\theme\default\template\information\career.tpl on line 134
2017-07-27 13:56:53 - PHP Notice:  Undefined variable: error_email in C:\xampp\htdocs\e-commerce\puhua\catalog\view\theme\default\template\information\career.tpl on line 135
2017-07-27 13:56:53 - PHP Notice:  Undefined variable: contact in C:\xampp\htdocs\e-commerce\puhua\catalog\view\theme\default\template\information\career.tpl on line 143
2017-07-27 13:56:53 - PHP Notice:  Undefined variable: error_contact in C:\xampp\htdocs\e-commerce\puhua\catalog\view\theme\default\template\information\career.tpl on line 144
2017-07-27 13:56:53 - PHP Notice:  Undefined variable: enquiry in C:\xampp\htdocs\e-commerce\puhua\catalog\view\theme\default\template\information\career.tpl on line 152
2017-07-27 13:56:53 - PHP Notice:  Undefined variable: error_enquiry in C:\xampp\htdocs\e-commerce\puhua\catalog\view\theme\default\template\information\career.tpl on line 153
2017-07-27 13:56:53 - PHP Notice:  Undefined variable: site_key in C:\xampp\htdocs\e-commerce\puhua\catalog\view\theme\default\template\information\career.tpl on line 158
2017-07-27 13:56:53 - PHP Notice:  Undefined variable: locations in C:\xampp\htdocs\e-commerce\puhua\catalog\view\theme\default\template\information\career.tpl on line 179
2017-07-27 14:07:04 - PHP Notice:  Undefined variable: action in C:\xampp\htdocs\e-commerce\puhua\catalog\view\theme\default\template\information\career.tpl on line 119
2017-07-27 14:07:04 - PHP Notice:  Undefined variable: name in C:\xampp\htdocs\e-commerce\puhua\catalog\view\theme\default\template\information\career.tpl on line 125
2017-07-27 14:07:04 - PHP Notice:  Undefined variable: error_name in C:\xampp\htdocs\e-commerce\puhua\catalog\view\theme\default\template\information\career.tpl on line 126
2017-07-27 14:07:04 - PHP Notice:  Undefined variable: email in C:\xampp\htdocs\e-commerce\puhua\catalog\view\theme\default\template\information\career.tpl on line 134
2017-07-27 14:07:04 - PHP Notice:  Undefined variable: error_email in C:\xampp\htdocs\e-commerce\puhua\catalog\view\theme\default\template\information\career.tpl on line 135
2017-07-27 14:07:04 - PHP Notice:  Undefined variable: contact in C:\xampp\htdocs\e-commerce\puhua\catalog\view\theme\default\template\information\career.tpl on line 143
2017-07-27 14:07:04 - PHP Notice:  Undefined variable: error_contact in C:\xampp\htdocs\e-commerce\puhua\catalog\view\theme\default\template\information\career.tpl on line 144
2017-07-27 14:07:04 - PHP Notice:  Undefined variable: enquiry in C:\xampp\htdocs\e-commerce\puhua\catalog\view\theme\default\template\information\career.tpl on line 152
2017-07-27 14:07:04 - PHP Notice:  Undefined variable: error_enquiry in C:\xampp\htdocs\e-commerce\puhua\catalog\view\theme\default\template\information\career.tpl on line 153
2017-07-27 14:07:04 - PHP Notice:  Undefined variable: site_key in C:\xampp\htdocs\e-commerce\puhua\catalog\view\theme\default\template\information\career.tpl on line 158
2017-07-27 14:07:04 - PHP Notice:  Undefined variable: locations in C:\xampp\htdocs\e-commerce\puhua\catalog\view\theme\default\template\information\career.tpl on line 179
2017-07-27 14:12:11 - PHP Notice:  Undefined variable: name in C:\xampp\htdocs\e-commerce\puhua\catalog\view\theme\default\template\information\career.tpl on line 125
2017-07-27 14:12:11 - PHP Notice:  Undefined variable: email in C:\xampp\htdocs\e-commerce\puhua\catalog\view\theme\default\template\information\career.tpl on line 134
2017-07-27 14:12:11 - PHP Notice:  Undefined variable: contact in C:\xampp\htdocs\e-commerce\puhua\catalog\view\theme\default\template\information\career.tpl on line 143
2017-07-27 14:12:11 - PHP Notice:  Undefined variable: enquiry in C:\xampp\htdocs\e-commerce\puhua\catalog\view\theme\default\template\information\career.tpl on line 152
2017-07-27 14:12:11 - PHP Notice:  Undefined variable: site_key in C:\xampp\htdocs\e-commerce\puhua\catalog\view\theme\default\template\information\career.tpl on line 158
2017-07-27 14:12:11 - PHP Notice:  Undefined variable: locations in C:\xampp\htdocs\e-commerce\puhua\catalog\view\theme\default\template\information\career.tpl on line 179
2017-07-27 14:12:37 - PHP Notice:  Undefined variable: name in C:\xampp\htdocs\e-commerce\puhua\catalog\view\theme\default\template\information\career.tpl on line 125
2017-07-27 14:12:37 - PHP Notice:  Undefined variable: email in C:\xampp\htdocs\e-commerce\puhua\catalog\view\theme\default\template\information\career.tpl on line 134
2017-07-27 14:12:37 - PHP Notice:  Undefined variable: contact in C:\xampp\htdocs\e-commerce\puhua\catalog\view\theme\default\template\information\career.tpl on line 143
2017-07-27 14:12:37 - PHP Notice:  Undefined variable: enquiry in C:\xampp\htdocs\e-commerce\puhua\catalog\view\theme\default\template\information\career.tpl on line 152
2017-07-27 14:12:37 - PHP Notice:  Undefined variable: site_key in C:\xampp\htdocs\e-commerce\puhua\catalog\view\theme\default\template\information\career.tpl on line 158
2017-07-27 14:12:37 - PHP Notice:  Undefined variable: locations in C:\xampp\htdocs\e-commerce\puhua\catalog\view\theme\default\template\information\career.tpl on line 179
2017-07-27 14:13:30 - PHP Notice:  Undefined variable: locations in C:\xampp\htdocs\e-commerce\puhua\catalog\view\theme\default\template\information\career.tpl on line 179
2017-07-27 14:17:48 - PHP Notice:  Undefined variable: career_information_id in C:\xampp\htdocs\e-commerce\puhua\vqmod\vqcache\vq2-catalog_controller_information_contact.php on line 9
2017-07-27 14:24:01 - PHP Notice:  Indirect modification of overloaded property ControllerInformationInformation::$error has no effect in C:\xampp\htdocs\e-commerce\puhua\catalog\controller\information\information.php on line 318
2017-07-27 14:24:01 - PHP Notice:  Indirect modification of overloaded property ControllerInformationInformation::$error has no effect in C:\xampp\htdocs\e-commerce\puhua\catalog\controller\information\information.php on line 326
2017-07-27 14:24:02 - PHP Notice:  Indirect modification of overloaded property ControllerInformationInformation::$error has no effect in C:\xampp\htdocs\e-commerce\puhua\catalog\controller\information\information.php on line 335
2017-07-27 14:24:04 - PHP Warning:  mail(): Failed to connect to mailserver at &quot;localhost&quot; port 25, verify your &quot;SMTP&quot; and &quot;smtp_port&quot; setting in php.ini or use ini_set() in C:\xampp\htdocs\e-commerce\puhua\vqmod\vqcache\vq2-system_library_mail.php on line 224
2017-07-27 14:24:24 - PHP Notice:  Indirect modification of overloaded property ControllerInformationInformation::$error has no effect in C:\xampp\htdocs\e-commerce\puhua\catalog\controller\information\information.php on line 314
2017-07-27 14:24:24 - PHP Notice:  Indirect modification of overloaded property ControllerInformationInformation::$error has no effect in C:\xampp\htdocs\e-commerce\puhua\catalog\controller\information\information.php on line 318
2017-07-27 14:24:24 - PHP Notice:  Indirect modification of overloaded property ControllerInformationInformation::$error has no effect in C:\xampp\htdocs\e-commerce\puhua\catalog\controller\information\information.php on line 322
2017-07-27 14:24:24 - PHP Notice:  Indirect modification of overloaded property ControllerInformationInformation::$error has no effect in C:\xampp\htdocs\e-commerce\puhua\catalog\controller\information\information.php on line 326
2017-07-27 14:24:24 - PHP Notice:  Indirect modification of overloaded property ControllerInformationInformation::$error has no effect in C:\xampp\htdocs\e-commerce\puhua\catalog\controller\information\information.php on line 335
2017-07-27 14:24:24 - PHP Notice:  Error: E-Mail from required! in C:\xampp\htdocs\e-commerce\puhua\vqmod\vqcache\vq2-system_library_mail.php on line 80
2017-07-27 14:25:56 - PHP Notice:  Indirect modification of overloaded property ControllerInformationInformation::$error has no effect in C:\xampp\htdocs\e-commerce\puhua\catalog\controller\information\information.php on line 314
2017-07-27 14:25:56 - PHP Notice:  Indirect modification of overloaded property ControllerInformationInformation::$error has no effect in C:\xampp\htdocs\e-commerce\puhua\catalog\controller\information\information.php on line 318
2017-07-27 14:25:56 - PHP Notice:  Indirect modification of overloaded property ControllerInformationInformation::$error has no effect in C:\xampp\htdocs\e-commerce\puhua\catalog\controller\information\information.php on line 322
2017-07-27 14:25:56 - PHP Notice:  Indirect modification of overloaded property ControllerInformationInformation::$error has no effect in C:\xampp\htdocs\e-commerce\puhua\catalog\controller\information\information.php on line 326
2017-07-27 14:25:57 - PHP Notice:  Indirect modification of overloaded property ControllerInformationInformation::$error has no effect in C:\xampp\htdocs\e-commerce\puhua\catalog\controller\information\information.php on line 335
2017-07-27 14:25:57 - PHP Notice:  Error: E-Mail from required! in C:\xampp\htdocs\e-commerce\puhua\vqmod\vqcache\vq2-system_library_mail.php on line 80
2017-07-27 16:31:16 - PHP Notice:  Undefined variable: attachment in C:\xampp\htdocs\e-commerce\puhua\catalog\view\theme\default\template\information\career.tpl on line 159
2017-07-27 16:32:01 - PHP Notice:  Undefined variable: attachment in C:\xampp\htdocs\e-commerce\puhua\catalog\view\theme\default\template\information\career.tpl on line 159
2017-07-27 16:48:36 - PHP Warning:  mail(): Failed to connect to mailserver at &quot;localhost&quot; port 25, verify your &quot;SMTP&quot; and &quot;smtp_port&quot; setting in php.ini or use ini_set() in C:\xampp\htdocs\e-commerce\puhua\vqmod\vqcache\vq2-system_library_mail.php on line 224
2017-07-28 14:36:37 - PHP Notice:  Undefined variable: company_profile in C:\xampp\htdocs\e-commerce\puhua\catalog\view\theme\default\template\information\information.tpl on line 18
2017-07-28 14:36:39 - PHP Notice:  Undefined variable: company_profile in C:\xampp\htdocs\e-commerce\puhua\catalog\view\theme\default\template\information\information.tpl on line 18
2017-07-28 14:36:50 - PHP Notice:  Undefined variable: company_profile in C:\xampp\htdocs\e-commerce\puhua\catalog\view\theme\default\template\information\information.tpl on line 18
2017-07-28 14:37:21 - PHP Notice:  Undefined variable: company_profile in C:\xampp\htdocs\e-commerce\puhua\catalog\view\theme\default\template\information\information.tpl on line 18
2017-07-28 14:37:23 - PHP Notice:  Undefined variable: company_profile in C:\xampp\htdocs\e-commerce\puhua\catalog\view\theme\default\template\information\information.tpl on line 18
2017-07-28 14:37:43 - PHP Notice:  Undefined variable: company_profile in C:\xampp\htdocs\e-commerce\puhua\catalog\view\theme\default\template\information\information.tpl on line 18
